androidFile/partylive/partylive/app/build/outputs/logs/manifest-merger-release-report.txt
-- Merging decision tree log ---
manifest
ADDED from src\main\AndroidManifest.xml:2:1-518:12
	package
		ADDED from src\main\AndroidManifest.xml:4:5-39
		INJECTED from src\main\AndroidManifest.xml
		INJECTED from src\main\AndroidManifest.xml
	android:versionName
		INJECTED from src\main\AndroidManifest.xml
		INJECTED from src\main\AndroidManifest.xml
	xmlns:tools
		ADDED from src\main\AndroidManifest.xml:3:5-51
	xmlns:android
		ADDED from src\main\AndroidManifest.xml:2:11-69
	android:versionCode
		INJECTED from src\main\AndroidManifest.xml
		INJECTED from src\main\AndroidManifest.xml
uses-permission#android.permission.READ_PHONE_STATE
ADDED from src\main\AndroidManifest.xml:10:5-75
MERGED from [partylive:PushSDK:unspecified] AndroidManifest.xml:18:5-75
	android:name
		ADDED from src\main\AndroidManifest.xml:10:22-72
uses-permission#android.permission.SYSTEM_ALERT_WINDOW
ADDED from src\main\AndroidManifest.xml:11:5-78
	android:name
		ADDED from src\main\AndroidManifest.xml:11:22-75
uses-permission#android.permission.INTERNET
ADDED from src\main\AndroidManifest.xml:12:5-67
MERGED from [com.zhy:okhttputils:2.0.0] AndroidManifest.xml:11:5-67
MERGED from [partylive:PushSDK:unspecified] AndroidManifest.xml:13:5-67
MERGED from [com.qiniu.pili:pili-android-qos:0.8.16] AndroidManifest.xml:11:5-67
	android:name
		ADDED from src\main\AndroidManifest.xml:12:22-64
uses-permission#android.permission.ACCESS_NETWORK_STATE
ADDED from src\main\AndroidManifest.xml:13:5-79
MERGED from [partylive:PushSDK:unspecified] AndroidManifest.xml:14:5-79
MERGED from [com.qiniu.pili:pili-android-qos:0.8.16] AndroidManifest.xml:13:5-79
	android:name
		ADDED from src\main\AndroidManifest.xml:13:22-76
uses-permission#android.permission.READ_PHONE_SINTERNETWIFI_STATE
ADDED from src\main\AndroidManifest.xml:14:5-89
	android:name
		ADDED from src\main\AndroidManifest.xml:14:22-86
uses-permission#android.permission.ACCESS_WIFI_STATE
ADDED from src\main\AndroidManifest.xml:15:5-76
MERGED from [partylive:PushSDK:unspecified] AndroidManifest.xml:15:5-76
	android:name
		ADDED from src\main\AndroidManifest.xml:15:22-73
uses-permission#android.permission.CAMERA
ADDED from src\main\AndroidManifest.xml:16:5-65
	android:name
		ADDED from src\main\AndroidManifest.xml:16:22-62
uses-permission#android.permission.RECORD_AUDIO
ADDED from src\main\AndroidManifest.xml:17:5-71
	android:name
		ADDED from src\main\AndroidManifest.xml:17:22-68
uses-permission#android.permission.FLASHLIGHT
ADDED from src\main\AndroidManifest.xml:18:5-69
	android:name
		ADDED from src\main\AndroidManifest.xml:18:22-66
uses-permission#android.permission.VIBRATE
ADDED from src\main\AndroidManifest.xml:19:5-66
MERGED from [partylive:PushSDK:unspecified] AndroidManifest.xml:32:5-66
	android:name
		ADDED from src\main\AndroidManifest.xml:19:22-63
uses-feature#android.hardware.camera
ADDED from src\main\AndroidManifest.xml:21:5-60
	android:name
		ADDED from src\main\AndroidManifest.xml:21:19-57
uses-feature#android.hardware.camera.autofocus
ADDED from src\main\AndroidManifest.xml:22:5-70
	android:name
		ADDED from src\main\AndroidManifest.xml:22:19-67
uses-permission#android.permission.CHANGE_WIFI_STATE
ADDED from src\main\AndroidManifest.xml:28:5-76
MERGED from [partylive:PushSDK:unspecified] AndroidManifest.xml:20:5-76
	android:name
		ADDED from src\main\AndroidManifest.xml:28:22-73
uses-permission#android.permission.WRITE_EXTERNAL_STORAGE
ADDED from src\main\AndroidManifest.xml:29:5-81
MERGED from [com.zhy:okhttputils:2.0.0] AndroidManifest.xml:12:5-81
MERGED from [partylive:PushSDK:unspecified] AndroidManifest.xml:16:5-81
MERGED from [com.qiniu.pili:pili-android-qos:0.8.16] AndroidManifest.xml:12:5-81
	android:name
		ADDED from src\main\AndroidManifest.xml:29:22-78
uses-permission#android.permission.MANAGE_ACCOUNTS
ADDED from src\main\AndroidManifest.xml:31:5-74
	android:name
		ADDED from src\main\AndroidManifest.xml:31:22-71
uses-permission#android.permission.GET_ACCOUNTS
ADDED from src\main\AndroidManifest.xml:32:5-71
MERGED from [partylive:PushSDK:unspecified] AndroidManifest.xml:31:5-71
	android:name
		ADDED from src\main\AndroidManifest.xml:32:22-68
uses-permission#android.permission.WAKE_LOCK
ADDED from src\main\AndroidManifest.xml:34:5-68
MERGED from [partylive:PushSDK:unspecified] AndroidManifest.xml:17:5-68
	android:name
		ADDED from src\main\AndroidManifest.xml:34:22-65
uses-permission#android.permission.BLUETOOTH
ADDED from src\main\AndroidManifest.xml:36:5-68
	android:name
		ADDED from src\main\AndroidManifest.xml:36:22-65
uses-permission#android.permission.BLUETOOTH_ADMIN
ADDED from src\main\AndroidManifest.xml:37:5-74
	android:name
		ADDED from src\main\AndroidManifest.xml:37:22-71
uses-permission#android.permission.READ_EXTERNAL_STORAGE
ADDED from src\main\AndroidManifest.xml:40:5-80
	android:name
		ADDED from src\main\AndroidManifest.xml:40:22-77
uses-permission#android.permission.READ_CONTACTS
ADDED from src\main\AndroidManifest.xml:41:5-72
	android:name
		ADDED from src\main\AndroidManifest.xml:41:22-69
uses-permission#android.permission.WRITE_CONTACTS
ADDED from src\main\AndroidManifest.xml:42:5-73
	android:name
		ADDED from src\main\AndroidManifest.xml:42:22-70
uses-permission#android.permission.MOUNT_UNMOUNT_FILESYSTEMS
ADDED from src\main\AndroidManifest.xml:44:5-84
	android:name
		ADDED from src\main\AndroidManifest.xml:44:22-81
uses-permission#android.permission.MODIFY_AUDIO_SETTINGS
ADDED from src\main\AndroidManifest.xml:45:5-80
	android:name
		ADDED from src\main\AndroidManifest.xml:45:22-77
permission#com.lvshandian.partylive.permission.RECEIVE_MSG
ADDED from src\main\AndroidManifest.xml:60:5-62:47
	android:protectionLevel
		ADDED from src\main\AndroidManifest.xml:62:9-44
	android:name
		ADDED from src\main\AndroidManifest.xml:61:9-71
uses-permission#com.lvshandian.partylive.permission.RECEIVE_MSG
ADDED from src\main\AndroidManifest.xml:64:5-87
	android:name
		ADDED from src\main\AndroidManifest.xml:64:22-84
uses-permission#android.permission.READ_LOGS
ADDED from src\main\AndroidManifest.xml:72:5-68
	android:name
		ADDED from src\main\AndroidManifest.xml:72:22-65
uses-permission#android.permission.CALL_PHONE
ADDED from src\main\AndroidManifest.xml:73:5-69
	android:name
		ADDED from src\main\AndroidManifest.xml:73:22-66
uses-permission#android.permission.ACCESS_FINE_LOCATION
ADDED from src\main\AndroidManifest.xml:74:5-79
	android:name
		ADDED from src\main\AndroidManifest.xml:74:22-76
uses-permission#android.permission.ACCESS_COARSE_LOCATION
ADDED from src\main\AndroidManifest.xml:75:5-81
MERGED from [partylive:PushSDK:unspecified] AndroidManifest.xml:23:5-81
	android:name
		ADDED from src\main\AndroidManifest.xml:75:22-78
uses-permission#android.permission.GET_TASKS
ADDED from src\main\AndroidManifest.xml:76:5-68
MERGED from [partylive:PushSDK:unspecified] AndroidManifest.xml:21:5-68
	android:name
		ADDED from src\main\AndroidManifest.xml:76:22-65
uses-permission#android.permission.SET_DEBUG_APP
ADDED from src\main\AndroidManifest.xml:77:5-72
	android:name
		ADDED from src\main\AndroidManifest.xml:77:22-69
uses-permission#android.permission.USE_CREDENTIALS
ADDED from src\main\AndroidManifest.xml:80:5-74
	android:name
		ADDED from src\main\AndroidManifest.xml:80:22-71
uses-feature#0x00020000
ADDED from src\main\AndroidManifest.xml:105:5-107:35
	android:glEsVersion
		ADDED from src\main\AndroidManifest.xml:106:9-41
	android:required
		ADDED from src\main\AndroidManifest.xml:107:9-32
application
ADDED from src\main\AndroidManifest.xml:109:5-516:19
MERGED from [:SMSSDK-2.1.3:] AndroidManifest.xml:11:5-12:19
MERGED from [:SMSSDKGUI-2.1.3:] AndroidManifest.xml:11:5-12:19
MERGED from [org.xutils:xutils:3.3.36] AndroidManifest.xml:12:5-20
MERGED from [org.kymjs.kjframe:kjframe:2.6] AndroidManifest.xml:11:5-47
MERGED from [com.github.johnkil.android-appmsg:appmsg:1.2.0] AndroidManifest.xml:5:5-19
MERGED from [partylive:uikit:unspecified] AndroidManifest.xml:9:5-144:19
MERGED from [com.android.support:design:24.2.1] AndroidManifest.xml:22:5-20
MERGED from [com.zhy:okhttputils:2.0.0] AndroidManifest.xml:14:5-17:19
MERGED from [partylive:wechatRecoderVideoLibrary:unspecified] AndroidManifest.xml:11:5-22:19
MERGED from [partylive:vitamioRecorderLibrary:unspecified] AndroidManifest.xml:11:5-16:19
MERGED from [com.android.support:appcompat-v7:24.2.1] AndroidManifest.xml:25:5-20
MERGED from [com.android.support:animated-vector-drawable:24.2.1] AndroidManifest.xml:22:5-20
MERGED from [com.android.support:support-vector-drawable:24.2.1] AndroidManifest.xml:23:5-20
MERGED from [partylive:PushSDK:unspecified] AndroidManifest.xml:37:5-156:19
MERGED from [com.google.android.gms:play-services-appindexing:8.4.0] AndroidManifest.xml:19:5-20
MERGED from [com.google.android.gms:play-services-basement:8.4.0] AndroidManifest.xml:20:5-24:19
MERGED from [com.android.support:support-v4:24.2.1] AndroidManifest.xml:25:5-20
MERGED from [com.android.support:support-fragment:24.2.1] AndroidManifest.xml:25:5-20
MERGED from [com.android.support:support-media-compat:24.2.1] AndroidManifest.xml:25:5-20
MERGED from [com.android.support:support-core-ui:24.2.1] AndroidManifest.xml:25:5-20
MERGED from [com.android.support:support-core-utils:24.2.1] AndroidManifest.xml:25:5-20
MERGED from [com.android.support:support-compat:24.2.1] AndroidManifest.xml:25:5-20
MERGED from [in.srain.cube:ultra-ptr:1.0.11] AndroidManifest.xml:11:5-20
MERGED from [com.qiniu.pili:pili-android-qos:0.8.16] AndroidManifest.xml:15:5-53
	android:label
		ADDED from src\main\AndroidManifest.xml:113:9-41
	android:supportsRtl
		ADDED from src\main\AndroidManifest.xml:114:9-35
	android:allowBackup
		ADDED from src\main\AndroidManifest.xml:111:9-35
	android:icon
		ADDED from src\main\AndroidManifest.xml:112:9-40
		REJECTED from [partylive:vitamioRecorderLibrary:unspecified] AndroidManifest.xml:13:9-45
	android:theme
		ADDED from src\main\AndroidManifest.xml:115:9-40
		REJECTED from [partylive:vitamioRecorderLibrary:unspecified] AndroidManifest.xml:15:9-40
	tools:replace
		ADDED from src\main\AndroidManifest.xml:116:9-52
	android:name
		ADDED from src\main\AndroidManifest.xml:110:9-38
meta-data#design_width
ADDED from src\main\AndroidManifest.xml:117:9-119:35
	android:value
		ADDED from src\main\AndroidManifest.xml:119:13-32
	android:name
		ADDED from src\main\AndroidManifest.xml:118:13-40
meta-data#design_height
ADDED from src\main\AndroidManifest.xml:120:9-122:36
	android:value
		ADDED from src\main\AndroidManifest.xml:122:13-33
	android:name
		ADDED from src\main\AndroidManifest.xml:121:13-41
activity#com.lvshandian.partylive.MainActivity
ADDED from src\main\AndroidManifest.xml:124:9-127:61
	android:screenOrientation
		ADDED from src\main\AndroidManifest.xml:127:13-49
	android:launchMode
		ADDED from src\main\AndroidManifest.xml:126:13-43
	android:name
		ADDED from src\main\AndroidManifest.xml:125:13-41
activity#com.lvshandian.partylive.moudles.start.GuidActivity
ADDED from src\main\AndroidManifest.xml:129:9-138:20
	android:screenOrientation
		ADDED from src\main\AndroidManifest.xml:132:13-49
	android:launchMode
		ADDED from src\main\AndroidManifest.xml:131:13-43
	android:name
		ADDED from src\main\AndroidManifest.xml:130:13-55
intent-filter#android.intent.action.MAIN+android.intent.category.LAUNCHER
ADDED from src\main\AndroidManifest.xml:133:13-137:29
action#android.intent.action.MAIN
ADDED from src\main\AndroidManifest.xml:134:17-69
	android:name
		ADDED from src\main\AndroidManifest.xml:134:25-66
category#android.intent.category.LAUNCHER
ADDED from src\main\AndroidManifest.xml:136:17-77
	android:name
		ADDED from src\main\AndroidManifest.xml:136:27-74
activity#com.lvshandian.partylive.moudles.start.StartActivity
ADDED from src\main\AndroidManifest.xml:140:9-143:52
	android:screenOrientation
		ADDED from src\main\AndroidManifest.xml:143:13-49
	android:launchMode
		ADDED from src\main\AndroidManifest.xml:142:13-43
	android:name
		ADDED from src\main\AndroidManifest.xml:141:13-56
activity#com.lvshandian.partylive.moudles.start.LoginActivity
ADDED from src\main\AndroidManifest.xml:145:9-148:52
	android:screenOrientation
		ADDED from src\main\AndroidManifest.xml:148:13-49
	android:launchMode
		ADDED from src\main\AndroidManifest.xml:147:13-43
	android:name
		ADDED from src\main\AndroidManifest.xml:146:13-56
activity#com.lvshandian.partylive.moudles.start.RegisterActivity
ADDED from src\main\AndroidManifest.xml:150:9-153:52
	android:screenOrientation
		ADDED from src\main\AndroidManifest.xml:153:13-49
	android:launchMode
		ADDED from src\main\AndroidManifest.xml:152:13-43
	android:name
		ADDED from src\main\AndroidManifest.xml:151:13-59
activity#com.lvshandian.partylive.moudles.mine.my.InviteFriendActivity
ADDED from src\main\AndroidManifest.xml:155:9-158:52
	android:screenOrientation
		ADDED from src\main\AndroidManifest.xml:158:13-49
	android:launchMode
		ADDED from src\main\AndroidManifest.xml:157:13-43
	android:name
		ADDED from src\main\AndroidManifest.xml:156:13-65
activity#com.lvshandian.partylive.moudles.start.RegisterUserActivity
ADDED from src\main\AndroidManifest.xml:160:9-163:52
	android:screenOrientation
		ADDED from src\main\AndroidManifest.xml:163:13-49
	android:launchMode
		ADDED from src\main\AndroidManifest.xml:162:13-43
	android:name
		ADDED from src\main\AndroidManifest.xml:161:13-63
activity#com.lvshandian.partylive.moudles.mine.activity.ModifyInfoActivity
ADDED from src\main\AndroidManifest.xml:165:9-168:52
	android:screenOrientation
		ADDED from src\main\AndroidManifest.xml:168:13-49
	android:launchMode
		ADDED from src\main\AndroidManifest.xml:167:13-43
	android:name
		ADDED from src\main\AndroidManifest.xml:166:13-69
activity#com.lvshandian.partylive.moudles.mine.activity.ChargeMoneyActivity
ADDED from src\main\AndroidManifest.xml:171:9-174:52
	android:screenOrientation
		ADDED from src\main\AndroidManifest.xml:174:13-49
	android:launchMode
		ADDED from src\main\AndroidManifest.xml:173:13-43
	android:name
		ADDED from src\main\AndroidManifest.xml:172:13-70
activity#com.lvshandian.partylive.moudles.mine.activity.ExchangeCenterActivity
ADDED from src\main\AndroidManifest.xml:176:9-179:52
	android:screenOrientation
		ADDED from src\main\AndroidManifest.xml:179:13-49
	android:launchMode
		ADDED from src\main\AndroidManifest.xml:178:13-43
	android:name
		ADDED from src\main\AndroidManifest.xml:177:13-73
activity#com.lvshandian.partylive.moudles.mine.activity.ExchangeActivity
ADDED from src\main\AndroidManifest.xml:181:9-184:52
	android:screenOrientation
		ADDED from src\main\AndroidManifest.xml:184:13-49
	android:launchMode
		ADDED from src\main\AndroidManifest.xml:183:13-43
	android:name
		ADDED from src\main\AndroidManifest.xml:182:13-67
activity#com.lvshandian.partylive.moudles.mine.my.SettingActivity
ADDED from src\main\AndroidManifest.xml:186:9-189:52
	android:screenOrientation
		ADDED from src\main\AndroidManifest.xml:189:13-49
	android:launchMode
		ADDED from src\main\AndroidManifest.xml:188:13-43
	android:name
		ADDED from src\main\AndroidManifest.xml:187:13-60
activity#com.lvshandian.partylive.moudles.mine.my.ModifyPasswordActivity
ADDED from src\main\AndroidManifest.xml:191:9-194:52
	android:screenOrientation
		ADDED from src\main\AndroidManifest.xml:194:13-49
	android:launchMode
		ADDED from src\main\AndroidManifest.xml:193:13-43
	android:name
		ADDED from src\main\AndroidManifest.xml:192:13-67
activity#com.lvshandian.partylive.wangyiyunxin.contact.activity.BlackListActivity
ADDED from src\main\AndroidManifest.xml:196:9-202:75
	android:screenOrientation
		ADDED from src\main\AndroidManifest.xml:200:13-49
	android:launchMode
		ADDED from src\main\AndroidManifest.xml:199:13-43
	android:windowSoftInputMode
		ADDED from src\main\AndroidManifest.xml:202:13-72
	android:configChanges
		ADDED from src\main\AndroidManifest.xml:198:13-48
	android:theme
		ADDED from src\main\AndroidManifest.xml:201:13-56
	android:name
		ADDED from src\main\AndroidManifest.xml:197:13-76
activity#com.lvshandian.partylive.moudles.mine.my.SystemMessageActivity
ADDED from src\main\AndroidManifest.xml:204:9-207:52
	android:screenOrientation
		ADDED from src\main\AndroidManifest.xml:207:13-49
	android:launchMode
		ADDED from src\main\AndroidManifest.xml:206:13-43
	android:name
		ADDED from src\main\AndroidManifest.xml:205:13-66
activity#com.lvshandian.partylive.wangyiyunxin.main.activity.WYYXSystemMessageActivity
ADDED from src\main\AndroidManifest.xml:209:9-214:70
	android:screenOrientation
		ADDED from src\main\AndroidManifest.xml:212:13-49
	android:windowSoftInputMode
		ADDED from src\main\AndroidManifest.xml:214:13-67
	android:configChanges
		ADDED from src\main\AndroidManifest.xml:211:13-63
	android:theme
		ADDED from src\main\AndroidManifest.xml:213:13-56
	android:name
		ADDED from src\main\AndroidManifest.xml:210:13-81
activity#com.lvshandian.partylive.moudles.mine.my.AuthenticationActivity
ADDED from src\main\AndroidManifest.xml:216:9-219:52
	android:screenOrientation
		ADDED from src\main\AndroidManifest.xml:219:13-49
	android:launchMode
		ADDED from src\main\AndroidManifest.xml:218:13-43
	android:name
		ADDED from src\main\AndroidManifest.xml:217:13-67
activity#com.lvshandian.partylive.moudles.mine.my.GongXianActivity
ADDED from src\main\AndroidManifest.xml:221:9-224:52
	android:screenOrientation
		ADDED from src\main\AndroidManifest.xml:224:13-49
	android:launchMode
		ADDED from src\main\AndroidManifest.xml:223:13-43
	android:name
		ADDED from src\main\AndroidManifest.xml:222:13-61
activity#com.lvshandian.partylive.lib.acp.AcpActivity
ADDED from src\main\AndroidManifest.xml:226:9-228:47
	android:launchMode
		ADDED from src\main\AndroidManifest.xml:228:13-44
	android:name
		ADDED from src\main\AndroidManifest.xml:227:13-48
activity#com.lvshandian.partylive.moudles.mine.my.MessageCenterActivity
ADDED from src\main\AndroidManifest.xml:230:9-233:52
	android:screenOrientation
		ADDED from src\main\AndroidManifest.xml:233:13-49
	android:launchMode
		ADDED from src\main\AndroidManifest.xml:232:13-43
	android:name
		ADDED from src\main\AndroidManifest.xml:231:13-66
activity#com.lvshandian.partylive.moudles.mine.my.OpenMemberActivity
ADDED from src\main\AndroidManifest.xml:235:9-238:52
	android:screenOrientation
		ADDED from src\main\AndroidManifest.xml:238:13-49
	android:launchMode
		ADDED from src\main\AndroidManifest.xml:237:13-43
	android:name
		ADDED from src\main\AndroidManifest.xml:236:13-63
activity#com.lvshandian.partylive.moudles.mine.my.ContributeListActivity
ADDED from src\main\AndroidManifest.xml:242:9-245:52
	android:screenOrientation
		ADDED from src\main\AndroidManifest.xml:245:13-49
	android:launchMode
		ADDED from src\main\AndroidManifest.xml:244:13-43
	android:name
		ADDED from src\main\AndroidManifest.xml:243:13-67
activity#com.lvshandian.partylive.moudles.mine.my.RecentVisitorsActivity
ADDED from src\main\AndroidManifest.xml:247:9-250:52
	android:screenOrientation
		ADDED from src\main\AndroidManifest.xml:250:13-49
	android:launchMode
		ADDED from src\main\AndroidManifest.xml:249:13-43
	android:name
		ADDED from src\main\AndroidManifest.xml:248:13-67
activity#com.lvshandian.partylive.moudles.mine.my.OtherPersonHomePageActivity
ADDED from src\main\AndroidManifest.xml:252:9-255:52
	android:screenOrientation
		ADDED from src\main\AndroidManifest.xml:255:13-49
	android:launchMode
		ADDED from src\main\AndroidManifest.xml:254:13-43
	android:name
		ADDED from src\main\AndroidManifest.xml:253:13-72
activity#com.lvshandian.partylive.wangyiyunxin.chatroom.activity.ChatRoomActivity
ADDED from src\main\AndroidManifest.xml:257:9-261:70
	android:screenOrientation
		ADDED from src\main\AndroidManifest.xml:259:13-49
	android:windowSoftInputMode
		ADDED from src\main\AndroidManifest.xml:261:13-67
	android:theme
		ADDED from src\main\AndroidManifest.xml:260:13-56
	android:name
		ADDED from src\main\AndroidManifest.xml:258:13-76
activity#com.lvshandian.partylive.moudles.mine.my.PhotoDetails
ADDED from src\main\AndroidManifest.xml:263:9-269:73
	android:fitsSystemWindows
		ADDED from src\main\AndroidManifest.xml:266:13-45
	android:screenOrientation
		ADDED from src\main\AndroidManifest.xml:267:13-49
	android:windowSoftInputMode
		ADDED from src\main\AndroidManifest.xml:269:13-70
	android:clipToPadding
		ADDED from src\main\AndroidManifest.xml:265:13-41
	android:theme
		ADDED from src\main\AndroidManifest.xml:268:13-56
	android:name
		ADDED from src\main\AndroidManifest.xml:264:13-57
activity#com.lvshandian.partylive.moudles.mine.my.Videotails
ADDED from src\main\AndroidManifest.xml:271:9-277:73
	android:fitsSystemWindows
		ADDED from src\main\AndroidManifest.xml:274:13-45
	android:screenOrientation
		ADDED from src\main\AndroidManifest.xml:275:13-49
	android:windowSoftInputMode
		ADDED from src\main\AndroidManifest.xml:277:13-70
	android:clipToPadding
		ADDED from src\main\AndroidManifest.xml:273:13-41
	android:theme
		ADDED from src\main\AndroidManifest.xml:276:13-56
	android:name
		ADDED from src\main\AndroidManifest.xml:272:13-55
activity#com.lvshandian.partylive.wangyiyunxin.session.activity.MessageHistoryActivity
ADDED from src\main\AndroidManifest.xml:278:9-283:70
	android:screenOrientation
		ADDED from src\main\AndroidManifest.xml:281:13-49
	android:windowSoftInputMode
		ADDED from src\main\AndroidManifest.xml:283:13-67
	android:configChanges
		ADDED from src\main\AndroidManifest.xml:280:13-63
	android:theme
		ADDED from src\main\AndroidManifest.xml:282:13-56
	android:name
		ADDED from src\main\AndroidManifest.xml:279:13-81
activity#com.lvshandian.partylive.wangyiyunxin.session.activity.MessageInfoActivity
ADDED from src\main\AndroidManifest.xml:284:9-289:70
	android:screenOrientation
		ADDED from src\main\AndroidManifest.xml:287:13-49
	android:windowSoftInputMode
		ADDED from src\main\AndroidManifest.xml:289:13-67
	android:configChanges
		ADDED from src\main\AndroidManifest.xml:286:13-63
	android:theme
		ADDED from src\main\AndroidManifest.xml:288:13-56
	android:name
		ADDED from src\main\AndroidManifest.xml:285:13-78
activity#com.lvshandian.partylive.moudles.mine.my.RealNameVertifyActivity
ADDED from src\main\AndroidManifest.xml:290:9-295:70
	android:screenOrientation
		ADDED from src\main\AndroidManifest.xml:293:13-49
	android:windowSoftInputMode
		ADDED from src\main\AndroidManifest.xml:295:13-67
	android:configChanges
		ADDED from src\main\AndroidManifest.xml:292:13-63
	android:theme
		ADDED from src\main\AndroidManifest.xml:294:13-56
	android:name
		ADDED from src\main\AndroidManifest.xml:291:13-68
activity#com.lvshandian.partylive.moudles.index.live.PrapareVedioActivity
ADDED from src\main\AndroidManifest.xml:296:9-301:70
	android:screenOrientation
		ADDED from src\main\AndroidManifest.xml:299:13-49
	android:windowSoftInputMode
		ADDED from src\main\AndroidManifest.xml:301:13-67
	android:configChanges
		ADDED from src\main\AndroidManifest.xml:298:13-63
	android:theme
		ADDED from src\main\AndroidManifest.xml:300:13-56
	android:name
		ADDED from src\main\AndroidManifest.xml:297:13-68
activity#com.lvshandian.partylive.moudles.mine.my.FunseListActivity
ADDED from src\main\AndroidManifest.xml:303:9-307:70
	android:screenOrientation
		ADDED from src\main\AndroidManifest.xml:305:13-49
	android:windowSoftInputMode
		ADDED from src\main\AndroidManifest.xml:307:13-67
	android:theme
		ADDED from src\main\AndroidManifest.xml:306:13-56
	android:name
		ADDED from src\main\AndroidManifest.xml:304:13-62
activity#com.lvshandian.partylive.moudles.mine.my.FollowListActivity
ADDED from src\main\AndroidManifest.xml:309:9-313:70
	android:screenOrientation
		ADDED from src\main\AndroidManifest.xml:311:13-49
	android:windowSoftInputMode
		ADDED from src\main\AndroidManifest.xml:313:13-67
	android:theme
		ADDED from src\main\AndroidManifest.xml:312:13-56
	android:name
		ADDED from src\main\AndroidManifest.xml:310:13-63
activity#com.lvshandian.partylive.moudles.group.activity.FollowListForGroupActivity
ADDED from src\main\AndroidManifest.xml:315:9-319:70
	android:screenOrientation
		ADDED from src\main\AndroidManifest.xml:317:13-49
	android:windowSoftInputMode
		ADDED from src\main\AndroidManifest.xml:319:13-67
	android:theme
		ADDED from src\main\AndroidManifest.xml:318:13-56
	android:name
		ADDED from src\main\AndroidManifest.xml:316:13-78
activity#com.lvshandian.partylive.moudles.index.live.WatchLiveActivity
ADDED from src\main\AndroidManifest.xml:321:9-325:55
	android:screenOrientation
		ADDED from src\main\AndroidManifest.xml:324:13-49
	android:launchMode
		ADDED from src\main\AndroidManifest.xml:323:13-43
	android:windowSoftInputMode
		ADDED from src\main\AndroidManifest.xml:325:13-52
	android:name
		ADDED from src\main\AndroidManifest.xml:322:13-65
activity#com.lvshandian.partylive.wangyiyunxin.main.activity.SessionListActivity
ADDED from src\main\AndroidManifest.xml:327:9-332:70
	android:screenOrientation
		ADDED from src\main\AndroidManifest.xml:330:13-49
	android:launchMode
		ADDED from src\main\AndroidManifest.xml:329:13-43
	android:windowSoftInputMode
		ADDED from src\main\AndroidManifest.xml:332:13-67
	android:theme
		ADDED from src\main\AndroidManifest.xml:331:13-56
	android:name
		ADDED from src\main\AndroidManifest.xml:328:13-75
activity#com.lvshandian.partylive.moudles.index.live.StartLiveReadyActivity
ADDED from src\main\AndroidManifest.xml:335:9-339:70
	android:screenOrientation
		ADDED from src\main\AndroidManifest.xml:338:13-49
	android:launchMode
		ADDED from src\main\AndroidManifest.xml:337:13-43
	android:windowSoftInputMode
		ADDED from src\main\AndroidManifest.xml:339:13-67
	android:name
		ADDED from src\main\AndroidManifest.xml:336:13-70
activity#com.lvshandian.partylive.moudles.index.live.StartLiveActivity
ADDED from src\main\AndroidManifest.xml:342:9-346:70
	android:screenOrientation
		ADDED from src\main\AndroidManifest.xml:345:13-49
	android:launchMode
		ADDED from src\main\AndroidManifest.xml:344:13-43
	android:windowSoftInputMode
		ADDED from src\main\AndroidManifest.xml:346:13-67
	android:name
		ADDED from src\main\AndroidManifest.xml:343:13-65
activity#com.lvshandian.partylive.moudles.index.activity.SearchActivity
ADDED from src\main\AndroidManifest.xml:349:9-353:70
	android:screenOrientation
		ADDED from src\main\AndroidManifest.xml:352:13-49
	android:launchMode
		ADDED from src\main\AndroidManifest.xml:351:13-43
	android:windowSoftInputMode
		ADDED from src\main\AndroidManifest.xml:353:13-67
	android:name
		ADDED from src\main\AndroidManifest.xml:350:13-66
activity#com.lvshandian.partylive.moudles.index.activity.ChannelMoreActivity
ADDED from src\main\AndroidManifest.xml:355:9-358:52
	android:screenOrientation
		ADDED from src\main\AndroidManifest.xml:358:13-49
	android:launchMode
		ADDED from src\main\AndroidManifest.xml:357:13-43
	android:name
		ADDED from src\main\AndroidManifest.xml:356:13-71
activity#com.lvshandian.partylive.moudles.mine.my.TiXianActivity
ADDED from src\main\AndroidManifest.xml:360:9-363:52
	android:screenOrientation
		ADDED from src\main\AndroidManifest.xml:363:13-49
	android:launchMode
		ADDED from src\main\AndroidManifest.xml:362:13-43
	android:name
		ADDED from src\main\AndroidManifest.xml:361:13-59
activity#com.lvshandian.partylive.wangyiyunxin.session.search.SearchMessageActivity
ADDED from src\main\AndroidManifest.xml:366:9-371:72
	android:screenOrientation
		ADDED from src\main\AndroidManifest.xml:369:13-49
	android:windowSoftInputMode
		ADDED from src\main\AndroidManifest.xml:371:13-69
	android:configChanges
		ADDED from src\main\AndroidManifest.xml:368:13-63
	android:theme
		ADDED from src\main\AndroidManifest.xml:370:13-52
	android:name
		ADDED from src\main\AndroidManifest.xml:367:13-78
activity#com.umeng.socialize.editorpage.ShareActivity
ADDED from src\main\AndroidManifest.xml:374:9-377:54
	android:excludeFromRecents
		ADDED from src\main\AndroidManifest.xml:376:13-46
	android:theme
		ADDED from src\main\AndroidManifest.xml:377:13-51
	android:name
		ADDED from src\main\AndroidManifest.xml:375:13-72
receiver#com.lvshandian.partylive.AppRegister
ADDED from src\main\AndroidManifest.xml:380:9-384:20
	android:name
		ADDED from src\main\AndroidManifest.xml:380:19-46
intent-filter#com.tencent.mm.plugin.openapi.Intent.ACTION_REFRESH_WXAPP
ADDED from src\main\AndroidManifest.xml:381:13-383:29
action#com.tencent.mm.plugin.openapi.Intent.ACTION_REFRESH_WXAPP
ADDED from src\main\AndroidManifest.xml:382:17-100
	android:name
		ADDED from src\main\AndroidManifest.xml:382:25-97
activity#com.umeng.socialize.view.ShareActivity
ADDED from src\main\AndroidManifest.xml:386:9-392:71
	android:launchMode
		ADDED from src\main\AndroidManifest.xml:389:13-44
	android:noHistory
		ADDED from src\main\AndroidManifest.xml:390:13-37
	android:windowSoftInputMode
		ADDED from src\main\AndroidManifest.xml:392:13-68
	android:configChanges
		ADDED from src\main\AndroidManifest.xml:388:13-57
	android:theme
		ADDED from src\main\AndroidManifest.xml:391:13-50
	android:name
		ADDED from src\main\AndroidManifest.xml:387:13-66
meta-data#UMENG_APPKEY
ADDED from src\main\AndroidManifest.xml:394:9-396:56
	android:value
		ADDED from src\main\AndroidManifest.xml:396:13-53
	android:name
		ADDED from src\main\AndroidManifest.xml:395:13-40
meta-data#UMENG_MESSAGE_SECRET
ADDED from src\main\AndroidManifest.xml:397:9-399:64
	android:value
		ADDED from src\main\AndroidManifest.xml:399:13-61
	android:name
		ADDED from src\main\AndroidManifest.xml:398:13-48
meta-data#UMENG_CHANNEL
ADDED from src\main\AndroidManifest.xml:400:9-402:37
	android:value
		ADDED from src\main\AndroidManifest.xml:402:13-34
	android:name
		ADDED from src\main\AndroidManifest.xml:401:13-41
activity#com.lvshandian.partylive.wxapi.WXEntryActivity
ADDED from src\main\AndroidManifest.xml:405:9-410:75
	android:screenOrientation
		ADDED from src\main\AndroidManifest.xml:409:13-49
	android:exported
		ADDED from src\main\AndroidManifest.xml:408:13-36
	android:configChanges
		ADDED from src\main\AndroidManifest.xml:407:13-74
	android:theme